<?xml version="1.0" encoding="UTF-8"?>
<!-- Generated by org.testng.reporters.JUnitXMLReporter -->
<testsuite ignored="9" hostname="PTBU-GENERAL" failures="0" tests="0" time="15.943" errors="0" timestamp="٢٠٢٦-٠٤-٠١T٢٠:٢٤:٣٨ TRT">
  <testcase classname="Form" name="checkBox" time="0.0">
    <ignored/>
  </testcase> <!-- checkBox -->
  <testcase classname="Form" name="mouseHover" time="0.0">
    <ignored/>
  </testcase> <!-- mouseHover -->
  <testcase classname="Form" name="DynamicDropDownExample" time="0.0">
    <ignored/>
  </testcase> <!-- DynamicDropDownExample -->
  <testcase classname="Form" name="SwitchWindow" time="0.0">
    <ignored/>
  </testcase> <!-- SwitchWindow -->
  <testcase classname="Form" name="celender" time="0.0">
    <ignored/>
  </testcase> <!-- celender -->
  <testcase classname="Form" name="SelectInput" time="0.0">
    <ignored/>
  </testcase> <!-- SelectInput -->
  <testcase classname="Form" name="SwitchTab" time="0.0">
    <ignored/>
  </testcase> <!-- SwitchTab -->
  <testcase classname="Form" name="Displayed" time="0.0">
    <ignored/>
  </testcase> <!-- Displayed -->
  <testcase classname="Form" name="WebTableExample" time="0.0">
    <ignored/>
  </testcase> <!-- WebTableExample -->
</testsuite>
